
ROM used:   406/32768 (1%)
            410/32768 (1%) including unused fragments

            0.4 Average locations per line
            6.3 Average locations per statement

RAM used:   9/2048 (0%) at main() level
            13/2048 (1%) worst case

Stack used: 1 worst case (1 in main + 0 for interrupts)
Stack size: 31

Lines Stmts  %   Files
----- ----- ---  -----
   60    10  16  Teclado matricial.c
  861     0   0  D:\Programas\PICC\Devices\18F4550.h
  113    54  84  Teclado4x4.h
----- -----
 1034    64 Total

Page ROM  %  RAM    Vol Diff  Functions:
---- --- --- ---    --- ----  ----------
0     32   4    0     76  2.0  @const697
0      8   1    0     17  0.8  kbd_init
0     56   7    1    125  3.0  ALL_ROWS
0    214  26    4   1554  8.4  kbd_getc
0     34   4    0    319  4.1  @goto62437
0     58   7    0    149  3.0  MAIN
 Inline         0    186  5.5  @cinit1

Program metrics:
    Functions               7
    Statements              64
    Comments                210
    Volume (V)              3294
    Difficulty (D)          28.1
    Effort to implement (E) 92418
    Time to implement (T)   1 hours, 26 minutes
    Est Delivered Bugs (B)  1
    Cyclomatic Complexity   18
    Maintainability (MI)    143

 Segment     Used  Free
-----------  ----  ----
00000-01FFE     0  8192  
02000-02006     4  4  
02008-07FFE   402  24166  



